ClickToCall/app/build/intermediates/manifest_merge_blame_file/debug/manifest-merger-blame-debug-report.txt
1<?xml version="1.0" encoding="utf-8"?>
2<manifest xmlns:android="http://schemas.android.com/apk/res/android"
3    xmlns:app="http://schemas.android.com/apk/res-auto"
4    package="com.ca.clicktocall"
5    android:versionCode="1"
6    android:versionName="1.1" >
7
8    <uses-sdk
9        android:minSdkVersion="16"
9-->src\main\AndroidManifest.xml
10        android:targetSdkVersion="29" />
10-->src\main\AndroidManifest.xml
11
12    <permission
12-->[vox-cpaas:connectsdk:1.4.2.3] AndroidManifest.xml:11:5-13:47
13        android:name="com.ca.clicktocall.MYPERMISSION"
13-->[vox-cpaas:connectsdk:1.4.2.3] AndroidManifest.xml:12:9-53
14        android:protectionLevel="signature" />
14-->[vox-cpaas:connectsdk:1.4.2.3] AndroidManifest.xml:13:9-44
15
16    <uses-permission android:name="com.ca.clicktocall.MYPERMISSION" />
16-->[vox-cpaas:connectsdk:1.4.2.3] AndroidManifest.xml:15:5-69
16-->[vox-cpaas:connectsdk:1.4.2.3] AndroidManifest.xml:15:22-66
17    <uses-permission android:name="android.permission.INTERNET" />
17-->[vox-cpaas:connectsdk:1.4.2.3] AndroidManifest.xml:16:5-67
17-->[vox-cpaas:connectsdk:1.4.2.3] AndroidManifest.xml:16:22-64
18    <uses-permission android:name="android.permission.WRITE_EXTERNAL_STORAGE" />
18-->[vox-cpaas:connectsdk:1.4.2.3] AndroidManifest.xml:17:5-81
18-->[vox-cpaas:connectsdk:1.4.2.3] AndroidManifest.xml:17:22-78
19    <uses-permission android:name="android.permission.READ_EXTERNAL_STORAGE" />
19-->[vox-cpaas:connectsdk:1.4.2.3] AndroidManifest.xml:18:5-80
19-->[vox-cpaas:connectsdk:1.4.2.3] AndroidManifest.xml:18:22-77
20    <uses-permission android:name="android.permission.READ_CONTACTS" />
20-->[vox-cpaas:connectsdk:1.4.2.3] AndroidManifest.xml:19:5-72
20-->[vox-cpaas:connectsdk:1.4.2.3] AndroidManifest.xml:19:22-69
21    <uses-permission android:name="android.permission.CHANGE_NETWORK_STATE" />
21-->[vox-cpaas:connectsdk:1.4.2.3] AndroidManifest.xml:20:5-79
21-->[vox-cpaas:connectsdk:1.4.2.3] AndroidManifest.xml:20:22-76
22    <uses-permission android:name="android.permission.ACCESS_NETWORK_STATE" />
22-->[vox-cpaas:connectsdk:1.4.2.3] AndroidManifest.xml:21:5-79
22-->[vox-cpaas:connectsdk:1.4.2.3] AndroidManifest.xml:21:22-76
23    <uses-permission android:name="android.permission.ACCESS_WIFI_STATE" />
23-->[vox-cpaas:connectsdk:1.4.2.3] AndroidManifest.xml:22:5-76
23-->[vox-cpaas:connectsdk:1.4.2.3] AndroidManifest.xml:22:22-73
24    <!--
25    <uses-permission android:name="android.permission.RECEIVE_BOOT_COMPLETED" />
26    <uses-permission android:name="android.permission.READ_CALL_LOG" />
27    -->
28    <uses-permission android:name="android.permission.RECORD_AUDIO" />
28-->[vox-cpaas:connectsdk:1.4.2.3] AndroidManifest.xml:28:5-71
28-->[vox-cpaas:connectsdk:1.4.2.3] AndroidManifest.xml:28:22-68
29    <uses-permission android:name="android.permission.MODIFY_AUDIO_SETTINGS" />
29-->[vox-cpaas:connectsdk:1.4.2.3] AndroidManifest.xml:29:5-80
29-->[vox-cpaas:connectsdk:1.4.2.3] AndroidManifest.xml:29:22-77
30    <uses-permission android:name="android.permission.CAMERA" /> <!-- <uses-permission android:name="android.permission.READ_SMS" /> -->
30-->[vox-cpaas:connectsdk:1.4.2.3] AndroidManifest.xml:30:5-65
30-->[vox-cpaas:connectsdk:1.4.2.3] AndroidManifest.xml:30:22-62
31    <uses-permission android:name="android.permission.WAKE_LOCK" />
31-->[vox-cpaas:connectsdk:1.4.2.3] AndroidManifest.xml:32:5-68
31-->[vox-cpaas:connectsdk:1.4.2.3] AndroidManifest.xml:32:22-65
32    <uses-permission android:name="com.android.alarm.permission.SET_ALARM" />
32-->[vox-cpaas:connectsdk:1.4.2.3] AndroidManifest.xml:33:5-78
32-->[vox-cpaas:connectsdk:1.4.2.3] AndroidManifest.xml:33:22-75
33    <uses-permission android:name="android.permission.BLUETOOTH" />
33-->[vox-cpaas:connectsdk:1.4.2.3] AndroidManifest.xml:34:5-68
33-->[vox-cpaas:connectsdk:1.4.2.3] AndroidManifest.xml:34:22-65
34    <uses-permission android:name="android.permission.BLUETOOTH_ADMIN" />
34-->[vox-cpaas:connectsdk:1.4.2.3] AndroidManifest.xml:35:5-74
34-->[vox-cpaas:connectsdk:1.4.2.3] AndroidManifest.xml:35:22-71
35    <!--
36    <uses-feature android:name="android.hardware.camera" />
37    <uses-feature android:name="android.hardware.camera.autofocus" />
38    -->
39    <uses-permission android:name="android.permission.READ_PHONE_STATE" />
39-->[vox-cpaas:connectsdk:1.4.2.3] AndroidManifest.xml:40:5-75
39-->[vox-cpaas:connectsdk:1.4.2.3] AndroidManifest.xml:40:22-72
40    <uses-permission android:name="android.permission.ACCESS_COARSE_LOCATION" />
40-->[vox-cpaas:connectsdk:1.4.2.3] AndroidManifest.xml:41:5-81
40-->[vox-cpaas:connectsdk:1.4.2.3] AndroidManifest.xml:41:22-78
41    <uses-permission android:name="android.permission.ACCESS_FINE_LOCATION" />
41-->[vox-cpaas:connectsdk:1.4.2.3] AndroidManifest.xml:42:5-79
41-->[vox-cpaas:connectsdk:1.4.2.3] AndroidManifest.xml:42:22-76
42
43    <uses-feature
43-->[com.google.android.gms:play-services-maps:16.1.0] AndroidManifest.xml:26:5-28:35
44        android:glEsVersion="0x00020000"
44-->[com.google.android.gms:play-services-maps:16.1.0] AndroidManifest.xml:27:9-41
45        android:required="true" /> <!-- Required by older versions of Google Play services to create IID tokens -->
45-->[com.google.android.gms:play-services-maps:16.1.0] AndroidManifest.xml:28:9-32
46    <uses-permission android:name="com.google.android.c2dm.permission.RECEIVE" />
46-->[com.google.firebase:firebase-iid:17.0.4] AndroidManifest.xml:26:5-82
46-->[com.google.firebase:firebase-iid:17.0.4] AndroidManifest.xml:26:22-79
47
48    <application
48-->src\main\AndroidManifest.xml:7:5-52:19
49        android:name="com.ca.clicktocall.MyApp"
49-->src\main\AndroidManifest.xml:8:9-48
50        android:allowBackup="false"
50-->src\main\AndroidManifest.xml:9:9-36
51        android:appComponentFactory="androidx.core.app.CoreComponentFactory"
51-->[androidx.core:core:1.0.0] AndroidManifest.xml:22:18-86
52        android:debuggable="true"
53        android:icon="@mipmap/ic_launcher"
53-->src\main\AndroidManifest.xml:10:9-43
54        android:label="@string/app_name"
54-->src\main\AndroidManifest.xml:11:9-41
55        android:largeHeap="true"
55-->[vox-cpaas:connectsdk:1.4.2.3] AndroidManifest.xml:48:9-33
56        android:roundIcon="@mipmap/ic_launcher_round"
56-->src\main\AndroidManifest.xml:12:9-54
57        android:supportsRtl="true"
57-->src\main\AndroidManifest.xml:13:9-35
58        android:testOnly="true"
59        android:theme="@style/AppTheme" >
59-->src\main\AndroidManifest.xml:14:9-40
60        <activity
60-->src\main\AndroidManifest.xml:17:9-24:20
61            android:name="com.ca.clicktocall.ClickToCallActivity"
61-->src\main\AndroidManifest.xml:17:19-72
62            android:screenOrientation="portrait" >
62-->src\main\AndroidManifest.xml:18:13-49
63            <intent-filter>
63-->src\main\AndroidManifest.xml:20:13-23:29
64                <action android:name="android.intent.action.MAIN" />
64-->src\main\AndroidManifest.xml:21:17-69
64-->src\main\AndroidManifest.xml:21:25-66
65
66                <category android:name="android.intent.category.LAUNCHER" />
66-->src\main\AndroidManifest.xml:22:17-77
66-->src\main\AndroidManifest.xml:22:27-74
67            </intent-filter>
68        </activity>
69        <activity
69-->src\main\AndroidManifest.xml:26:9-30:51
70            android:name="com.ca.clicktocall.PlayNewAudioCallActivity"
70-->src\main\AndroidManifest.xml:27:13-71
71            android:configChanges="keyboardHidden|orientation|screenSize"
71-->src\main\AndroidManifest.xml:28:13-74
72            android:exported="false"
72-->src\main\AndroidManifest.xml:29:13-37
73            android:screenOrientation="portrait" />
73-->src\main\AndroidManifest.xml:30:13-49
74        <activity
74-->src\main\AndroidManifest.xml:31:9-35:51
75            android:name="com.ca.clicktocall.PlaySipCallActivity"
75-->src\main\AndroidManifest.xml:32:13-66
76            android:configChanges="keyboardHidden|orientation|screenSize"
76-->src\main\AndroidManifest.xml:33:13-74
77            android:exported="false"
77-->src\main\AndroidManifest.xml:34:13-37
78            android:screenOrientation="portrait" />
78-->src\main\AndroidManifest.xml:35:13-49
79        <activity
79-->src\main\AndroidManifest.xml:36:9-39:39
80            android:name="com.ca.clicktocall.PlayNewVideoCallActivity"
80-->src\main\AndroidManifest.xml:37:13-71
81            android:configChanges="keyboardHidden|orientation|screenSize"
81-->src\main\AndroidManifest.xml:38:13-74
82            android:exported="false" />
82-->src\main\AndroidManifest.xml:39:13-37
83        <activity
83-->src\main\AndroidManifest.xml:41:9-45:52
84            android:name="com.ca.clicktocall.EmptyActivity"
84-->src\main\AndroidManifest.xml:42:13-60
85            android:configChanges="keyboardHidden|orientation|screenSize"
85-->src\main\AndroidManifest.xml:43:13-74
86            android:exported="false"
86-->src\main\AndroidManifest.xml:44:13-37
87            android:screenOrientation="portrait" />
87-->src\main\AndroidManifest.xml:45:13-49
88
89        <service android:name="com.ca.clicktocall.FireBaseMessagingService" >
89-->src\main\AndroidManifest.xml:46:9-50:19
89-->src\main\AndroidManifest.xml:46:18-76
90            <intent-filter>
90-->src\main\AndroidManifest.xml:47:13-49:29
91                <action android:name="com.google.firebase.MESSAGING_EVENT" />
91-->src\main\AndroidManifest.xml:48:17-78
91-->src\main\AndroidManifest.xml:48:25-75
92            </intent-filter>
93        </service>
94
95        <provider
95-->[vox-cpaas:connectsdk:1.4.2.3] AndroidManifest.xml:49:9-52:40
96            android:name="com.cacore.db.IAmLiveDataProvider"
96-->[vox-cpaas:connectsdk:1.4.2.3] AndroidManifest.xml:50:13-61
97            android:authorities="com.ca.clicktocall"
97-->[vox-cpaas:connectsdk:1.4.2.3] AndroidManifest.xml:51:13-51
98            android:exported="false" /> <!-- android:permission="${applicationId}.MYPERMISSION" -->
98-->[vox-cpaas:connectsdk:1.4.2.3] AndroidManifest.xml:52:13-37
99        <service
99-->[vox-cpaas:connectsdk:1.4.2.3] AndroidManifest.xml:54:9-57:66
100            android:name="com.cacore.services.CACommonService"
100-->[vox-cpaas:connectsdk:1.4.2.3] AndroidManifest.xml:55:13-63
101            android:exported="false"
101-->[vox-cpaas:connectsdk:1.4.2.3] AndroidManifest.xml:56:13-37
102            android:permission="com.ca.clicktocall.MYPERMISSION" />
102-->[vox-cpaas:connectsdk:1.4.2.3] AndroidManifest.xml:57:13-63
103        <service
103-->[vox-cpaas:connectsdk:1.4.2.3] AndroidManifest.xml:58:9-62:66
104            android:name="com.amazonaws.mobileconnectors.s3.transferutility.TransferService"
104-->[vox-cpaas:connectsdk:1.4.2.3] AndroidManifest.xml:59:13-93
105            android:enabled="true"
105-->[vox-cpaas:connectsdk:1.4.2.3] AndroidManifest.xml:60:13-35
106            android:exported="false"
106-->[vox-cpaas:connectsdk:1.4.2.3] AndroidManifest.xml:61:13-37
107            android:permission="com.ca.clicktocall.MYPERMISSION" />
107-->[vox-cpaas:connectsdk:1.4.2.3] AndroidManifest.xml:62:13-63
108        <!--
109        <service
110            android:name="com.example.services.MyFirebaseMessagingService">
111            <intent-filter>
112                <action android:name="com.google.firebase.MESSAGING_EVENT"/>
113            </intent-filter>
114        </service>
115        <service
116            android:name="com.example.services.MyFirebaseInstanceIDService">
117            <intent-filter>
118                <action android:name="com.google.firebase.INSTANCE_ID_EVENT"/>
119            </intent-filter>
120        </service>
121        -->
122        <!--
123        <receiver android:permission="${applicationId}.MYPERMISSION"
124            android:name="com.example.receivers.RestartSlaveService"
125            android:exported="false">
126            <intent-filter>
127                <action
128                    android:name="com.ca.iamliverestartservice"
129                     />
130                <action android:name="android.intent.action.BOOT_COMPLETED" />
131            </intent-filter>
132        </receiver>
133
134        <receiver android:permission="${applicationId}.MYPERMISSION"
135            android:name="com.example.receivers.AwsDownloadStatusReceiver"
136            android:exported="false">
137            <intent-filter>
138                <action
139                    android:name="AwsDownloadStatusReceiver"
140                     />
141            </intent-filter>
142        </receiver>
143        -->
144        <receiver
144-->[vox-cpaas:connectsdk:1.4.2.3] AndroidManifest.xml:103:9-110:20
145            android:name="com.cacore.receivers.MyReceiver"
145-->[vox-cpaas:connectsdk:1.4.2.3] AndroidManifest.xml:104:13-59
146            android:exported="false"
146-->[vox-cpaas:connectsdk:1.4.2.3] AndroidManifest.xml:105:13-37
147            android:permission="com.ca.clicktocall.MYPERMISSION" >
147-->[vox-cpaas:connectsdk:1.4.2.3] AndroidManifest.xml:106:13-63
148            <intent-filter>
148-->[vox-cpaas:connectsdk:1.4.2.3] AndroidManifest.xml:107:13-109:29
149                <action android:name="MyReceiver" />
149-->[vox-cpaas:connectsdk:1.4.2.3] AndroidManifest.xml:108:17-53
149-->[vox-cpaas:connectsdk:1.4.2.3] AndroidManifest.xml:108:25-50
150            </intent-filter>
151        </receiver>
152        <receiver
152-->[vox-cpaas:connectsdk:1.4.2.3] AndroidManifest.xml:111:9-119:20
153            android:name="com.cacore.receivers.TimeChangeedReceiver"
153-->[vox-cpaas:connectsdk:1.4.2.3] AndroidManifest.xml:112:13-69
154            android:exported="false"
154-->[vox-cpaas:connectsdk:1.4.2.3] AndroidManifest.xml:113:13-37
155            android:permission="com.ca.clicktocall.MYPERMISSION" >
155-->[vox-cpaas:connectsdk:1.4.2.3] AndroidManifest.xml:114:13-63
156            <intent-filter>
156-->[vox-cpaas:connectsdk:1.4.2.3] AndroidManifest.xml:115:13-118:29
157                <action android:name="android.intent.action.TIMEZONE_CHANGED" />
157-->[vox-cpaas:connectsdk:1.4.2.3] AndroidManifest.xml:116:17-81
157-->[vox-cpaas:connectsdk:1.4.2.3] AndroidManifest.xml:116:25-78
158                <action android:name="android.intent.action.TIME_SET" />
158-->[vox-cpaas:connectsdk:1.4.2.3] AndroidManifest.xml:117:17-73
158-->[vox-cpaas:connectsdk:1.4.2.3] AndroidManifest.xml:117:25-70
159            </intent-filter>
160        </receiver>
161        <receiver
161-->[vox-cpaas:connectsdk:1.4.2.3] AndroidManifest.xml:120:9-129:20
162            android:name="com.cacore.receivers.NWMonitor"
162-->[vox-cpaas:connectsdk:1.4.2.3] AndroidManifest.xml:121:13-58
163            android:exported="false"
163-->[vox-cpaas:connectsdk:1.4.2.3] AndroidManifest.xml:122:13-37
164            android:permission="com.ca.clicktocall.MYPERMISSION" >
164-->[vox-cpaas:connectsdk:1.4.2.3] AndroidManifest.xml:123:13-63
165            <intent-filter>
165-->[vox-cpaas:connectsdk:1.4.2.3] AndroidManifest.xml:124:13-128:29
166
167                <!-- <action android:name="android.net.conn.CONNECTIVITY_CHANGE"/> -->
168                <action android:name="com.ca.iamlivenetworkerror" />
168-->[vox-cpaas:connectsdk:1.4.2.3] AndroidManifest.xml:127:17-69
168-->[vox-cpaas:connectsdk:1.4.2.3] AndroidManifest.xml:127:25-66
169            </intent-filter>
170        </receiver>
171        <!--
172             FirebaseMessagingService performs security checks at runtime,
173             no need for explicit permissions despite exported="true"
174        -->
175        <service
175-->[com.google.firebase:firebase-messaging:17.3.4] AndroidManifest.xml:28:9-34:19
176            android:name="com.google.firebase.messaging.FirebaseMessagingService"
176-->[com.google.firebase:firebase-messaging:17.3.4] AndroidManifest.xml:29:13-82
177            android:exported="true" >
177-->[com.google.firebase:firebase-messaging:17.3.4] AndroidManifest.xml:30:13-36
178            <intent-filter android:priority="-500" >
178-->src\main\AndroidManifest.xml:47:13-49:29
179                <action android:name="com.google.firebase.MESSAGING_EVENT" />
179-->src\main\AndroidManifest.xml:48:17-78
179-->src\main\AndroidManifest.xml:48:25-75
180            </intent-filter>
181        </service> <!-- Needs to be explicitly declared on P+ -->
182        <uses-library
182-->[com.google.android.gms:play-services-maps:16.1.0] AndroidManifest.xml:33:9-35:40
183            android:name="org.apache.http.legacy"
183-->[com.google.android.gms:play-services-maps:16.1.0] AndroidManifest.xml:34:13-50
184            android:required="false" />
184-->[com.google.android.gms:play-services-maps:16.1.0] AndroidManifest.xml:35:13-37
185
186        <service
186-->[com.google.firebase:firebase-iid:17.0.4] AndroidManifest.xml:29:9-35:19
187            android:name="com.google.firebase.components.ComponentDiscoveryService"
187-->[com.google.firebase:firebase-iid:17.0.4] AndroidManifest.xml:30:13-84
188            android:exported="false" >
188-->[com.google.firebase:firebase-iid:17.0.4] AndroidManifest.xml:31:13-37
189            <meta-data
189-->[com.google.firebase:firebase-iid:17.0.4] AndroidManifest.xml:32:13-34:85
190                android:name="com.google.firebase.components:com.google.firebase.iid.Registrar"
190-->[com.google.firebase:firebase-iid:17.0.4] AndroidManifest.xml:33:17-96
191                android:value="com.google.firebase.components.ComponentRegistrar" />
191-->[com.google.firebase:firebase-iid:17.0.4] AndroidManifest.xml:34:17-82
192        </service>
193
194        <receiver
194-->[com.google.firebase:firebase-iid:17.0.4] AndroidManifest.xml:37:9-44:20
195            android:name="com.google.firebase.iid.FirebaseInstanceIdReceiver"
195-->[com.google.firebase:firebase-iid:17.0.4] AndroidManifest.xml:38:13-78
196            android:exported="true"
196-->[com.google.firebase:firebase-iid:17.0.4] AndroidManifest.xml:39:13-36
197            android:permission="com.google.android.c2dm.permission.SEND" >
197-->[com.google.firebase:firebase-iid:17.0.4] AndroidManifest.xml:40:13-73
198            <intent-filter>
198-->[com.google.firebase:firebase-iid:17.0.4] AndroidManifest.xml:41:13-43:29
199                <action android:name="com.google.android.c2dm.intent.RECEIVE" />
199-->[com.google.firebase:firebase-iid:17.0.4] AndroidManifest.xml:42:17-81
199-->[com.google.firebase:firebase-iid:17.0.4] AndroidManifest.xml:42:25-78
200            </intent-filter>
201        </receiver>
202        <!--
203             FirebaseInstanceIdService performs security checks at runtime,
204             no need for explicit permissions despite exported="true"
205        -->
206        <service
206-->[com.google.firebase:firebase-iid:17.0.4] AndroidManifest.xml:50:9-56:19
207            android:name="com.google.firebase.iid.FirebaseInstanceIdService"
207-->[com.google.firebase:firebase-iid:17.0.4] AndroidManifest.xml:51:13-77
208            android:exported="true" >
208-->[com.google.firebase:firebase-iid:17.0.4] AndroidManifest.xml:52:13-36
209            <intent-filter android:priority="-500" >
209-->[com.google.firebase:firebase-iid:17.0.4] AndroidManifest.xml:53:13-55:29
209-->[com.google.firebase:firebase-iid:17.0.4] AndroidManifest.xml:53:28-51
210                <action android:name="com.google.firebase.INSTANCE_ID_EVENT" />
210-->[com.google.firebase:firebase-iid:17.0.4] AndroidManifest.xml:54:17-80
210-->[com.google.firebase:firebase-iid:17.0.4] AndroidManifest.xml:54:25-77
211            </intent-filter>
212        </service>
213
214        <provider
214-->[com.google.firebase:firebase-common:16.0.3] AndroidManifest.xml:10:9-14:39
215            android:name="com.google.firebase.provider.FirebaseInitProvider"
215-->[com.google.firebase:firebase-common:16.0.3] AndroidManifest.xml:11:13-77
216            android:authorities="com.ca.clicktocall.firebaseinitprovider"
216-->[com.google.firebase:firebase-common:16.0.3] AndroidManifest.xml:12:13-72
217            android:exported="false"
217-->[com.google.firebase:firebase-common:16.0.3] AndroidManifest.xml:13:13-37
218            android:initOrder="100" />
218-->[com.google.firebase:firebase-common:16.0.3] AndroidManifest.xml:14:13-36
219
220        <activity
220-->[com.google.android.gms:play-services-base:16.0.1] AndroidManifest.xml:23:9-26:75
221            android:name="com.google.android.gms.common.api.GoogleApiActivity"
221-->[com.google.android.gms:play-services-base:16.0.1] AndroidManifest.xml:24:13-79
222            android:exported="false"
222-->[com.google.android.gms:play-services-base:16.0.1] AndroidManifest.xml:25:13-37
223            android:theme="@android:style/Theme.Translucent.NoTitleBar" />
223-->[com.google.android.gms:play-services-base:16.0.1] AndroidManifest.xml:26:13-72
224
225        <meta-data
225-->[com.google.android.gms:play-services-basement:16.0.1] AndroidManifest.xml:23:9-25:69
226            android:name="com.google.android.gms.version"
226-->[com.google.android.gms:play-services-basement:16.0.1] AndroidManifest.xml:24:13-58
227            android:value="@integer/google_play_services_version" />
227-->[com.google.android.gms:play-services-basement:16.0.1] AndroidManifest.xml:25:13-66
228    </application>
229
230</manifest>